#
# A fatal error has been detected by the Java Runtime Environment:
#
#  SIGSEGV (0xb) at pc=0x0000000121e6a381, pid=31146, tid=1811
#
# JRE version: Java(TM) SE Runtime Environment (8.0_31-b13) (build 1.8.0_31-b13)
# Java VM: Java HotSpot(TM) 64-Bit Server VM (25.31-b07 mixed mode bsd-amd64 compressed oops)
# Problematic frame:
# C  [libglass.dylib+0x16381]  GlassScreenDidChangeScreenParameters+0x21
#
# Failed to write core dump. Core dumps have been disabled. To enable core dumping, try "ulimit -c unlimited" before starting Java again
#
# If you would like to submit a bug report, please visit:
#   http://bugreport.java.com/bugreport/crash.jsp
#

---------------  T H R E A D  ---------------

Current thread is native thread

siginfo: si_signo: 11 (SIGSEGV), si_code: 1 (SEGV_MAPERR), si_addr: 0x0000000000000000

Registers:
RAX=0x0000000121e9cd48, RBX=0x0000000000000000, RCX=0x8700aad501f70107, RDX=0x00007fff77cac1f8
RSP=0x00007fff557c4030, RBP=0x00007fff557c4040, RSI=0x00007fcf20d03d48, RDI=0x0000000000000000
R8 =0x00007fff557c3ee0, R9 =0x00007fff78645300, R10=0x0000000000000000, R11=0x0000000000000246
R12=0x00007fcf20e11e40, R13=0x00000000000f426a, R14=0x00007fcf20e79a50, R15=0x00007fff557c4180
RIP=0x0000000121e6a381, EFLAGS=0x0000000000010246, ERR=0x0000000000000004
  TRAPNO=0x000000000000000e

Top of Stack: (sp=0x00007fff557c4030)
0x00007fff557c4030:   00007fff557c4210 00007fcf20e79a50
0x00007fff557c4040:   00007fff557c4050 00007fff92dd845c
0x00007fff557c4050:   00007fff557c43b0 00007fff92cc8634
0x00007fff557c4060:   00007fff557c40b0 0000000000001400
0x00007fff557c4070:   00007fff78fc1ed0 00007fcf20d62a00
0x00007fff557c4080:   0000000000001002 00000000000008e8
0x00007fff557c4090:   00007fcf20d62a00 00007fcf20e79a50
0x00007fff557c40a0:   0000000000000000 00007fff557c4180
0x00007fff557c40b0:   0000000000000000 00007fcf20e79a10
0x00007fff557c40c0:   00007fff557c4200 000000000000005f
0x00007fff557c40d0:   00000000000f430d 00007fcf23363590
0x00007fff557c40e0:   00007fcf20d50650 00007fcf20e11e40
0x00007fff557c40f0:   0000000000000001 00000000000f426a
0x00007fff557c4100:   00007fcf20e11e30 00007fff8964facb
0x00007fff557c4110:   0000000000000001 0000000000000001
0x00007fff557c4120:   0000000000000030 0000000000000001
0x00007fff557c4130:   00007fff557c4150 00007fff89655231
0x00007fff557c4140:   00007fff78fbffb0 0000000000000000
0x00007fff557c4150:   00007fff557c4170 0000000000000020
0x00007fff557c4160:   0002000321263a00 00007fcf20e11e64
0x00007fff557c4170:   0000000000000000 00007fff92cbe10f
0x00007fff557c4180:   00007fcf20e79a50 00007fff78fbffb0
0x00007fff557c4190:   00007fff557c4210 00007fff92cc6c3f
0x00007fff557c41a0:   00007fff557c4214 0000000000482401
0x00007fff557c41b0:   000000010a456a00 0000000000000002
0x00007fff557c41c0:   000000010a453000 00007fcf2339fa12
0x00007fff557c41d0:   0000000000000003 000000010a457e00
0x00007fff557c41e0:   00007fff557c42d0 00007fff8964e2a2
0x00007fff557c41f0:   00007fcf20d50210 00007fff557c43b8
0x00007fff557c4200:   0000000000000017 0000000000000000
0x00007fff557c4210:   00000000000f426a 00007fff92cbe403
0x00007fff557c4220:   00007fff00000000 00007fcf20e47280 

Instructions: (pc=0x0000000121e6a381)
0x0000000121e6a361:   48 89 e5 41 56 53 48 8d 05 d2 2a 03 00 48 83 38
0x0000000121e6a371:   00 48 89 fb 75 72 48 8d 05 ca 29 03 00 48 8b 30
0x0000000121e6a381:   48 8b 03 48 8d 15 7c 99 01 00 48 8d 0d 5e 6f 01
0x0000000121e6a391:   00 48 89 df ff 90 88 03 00 00 48 8d 0d 9e 2a 03 

Register to memory mapping:

RAX=0x0000000121e9cd48: jScreenClass+0 in /Library/Java/JavaVirtualMachines/jdk1.8.0_31.jdk/Contents/Home/jre/lib/libglass.dylib at 0x0000000121e54000
RBX=0x0000000000000000 is an unknown value
RCX=0x8700aad501f70107 is an unknown value
RDX=0x00007fff77cac1f8: __sFX+0x1c8 in /usr/lib/system/libsystem_c.dylib at 0x00007fff8a5bf000
RSP=0x00007fff557c4030 is an unknown value
RBP=0x00007fff557c4040 is an unknown value
RSI=0x00007fcf20d03d48 is a global jni handle
RDI=0x0000000000000000 is an unknown value
R8 =0x00007fff557c3ee0 is an unknown value
R9 =0x00007fff78645300: _thread+0 in /usr/lib/system/libsystem_pthread.dylib at 0x00007fff8effc000
R10=0x0000000000000000 is an unknown value
R11=0x0000000000000246 is an unknown value
R12=0x00007fcf20e11e40 is an unknown value
R13=0x00000000000f426a is an unknown value
R14=0x00007fcf20e79a50 is an unknown value
R15=0x00007fff557c4180 is an unknown value


Stack: [0x00007fff54fc7000,0x00007fff557c7000],  sp=0x00007fff557c4030,  free space=8180k
Native frames: (J=compiled Java code, j=interpreted, Vv=VM code, C=native code)
C  [libglass.dylib+0x16381]  GlassScreenDidChangeScreenParameters+0x21
C  [CoreFoundation+0x12045c]  __CFNOTIFICATIONCENTER_IS_CALLING_OUT_TO_AN_OBSERVER__+0xc
C  [CoreFoundation+0x10634]  _CFXNotificationPost+0xc44
C  [Foundation+0x79d1]  -[NSNotificationCenter postNotificationName:object:userInfo:]+0x42
C  [AppKit+0x40df7e]  -[NSApplication _reactToScreenInvalidationImmediately:]+0x17b
C  [AppKit+0x40ddc7]  __44-[NSApplication _reactToScreenInvalidation:]_block_invoke+0x4b
C  [CoreFoundation+0x808ec]  __CFRUNLOOP_IS_CALLING_OUT_TO_A_BLOCK__+0xc
C  [CoreFoundation+0x729f5]  __CFRunLoopDoBlocks+0x155
C  [CoreFoundation+0x72536]  __CFRunLoopRun+0x716
C  [CoreFoundation+0x71bd8]  CFRunLoopRunSpecific+0x128
C  [java+0x56cc]  CreateExecutionEnvironment+0x367
C  [java+0x165c]  JLI_Launch+0x7a0
C  [java+0x768a]  main+0x65
C  [java+0xeb4]  start+0x34


---------------  P R O C E S S  ---------------

VM state:not at safepoint (normal execution)

VM Mutex/Monitor currently owned by a thread: None

Heap:
 PSYoungGen      total 251904K, used 115217K [0x00000007aab00000, 0x00000007bd900000, 0x00000007c0000000)
  eden space 251392K, 45% used [0x00000007aab00000,0x00000007b1b64618,0x00000007ba080000)
  from space 512K, 25% used [0x00000007bd880000,0x00000007bd8a0000,0x00000007bd900000)
  to   space 512K, 0% used [0x00000007bd800000,0x00000007bd800000,0x00000007bd880000)
 ParOldGen       total 44032K, used 6588K [0x0000000780000000, 0x0000000782b00000, 0x00000007aab00000)
  object space 44032K, 14% used [0x0000000780000000,0x000000078066f3b0,0x0000000782b00000)
 Metaspace       used 12660K, capacity 13076K, committed 13184K, reserved 1060864K
  class space    used 1788K, capacity 1897K, committed 1920K, reserved 1048576K

Card table byte_map: [0x000000011b1c0000,0x000000011b3c1000] byte_map_base: 0x00000001175c0000

Marking Bits: (ParMarkBitMap*) 0x000000010ae0c410
 Begin Bits: [0x000000011b923000, 0x000000011c923000)
 End Bits:   [0x000000011c923000, 0x000000011d923000)

Polling page: 0x000000010b5e9000

CodeCache: size=245760Kb used=4929Kb max_used=5285Kb free=240830Kb
 bounds [0x000000010be00000, 0x000000010c330000, 0x000000011ae00000]
 total_blobs=2138 nmethods=1523 adapters=529
 compilation: enabled

Compilation events (10 events):
Event: 72.340 Thread 0x00007fcf2100e000 1752       3       java.lang.invoke.MethodHandles$Lookup::fixmods (16 bytes)
Event: 72.340 Thread 0x00007fcf2100e000 nmethod 1752 0x000000010c1a93d0 code [0x000000010c1a9540, 0x000000010c1a96d0]
Event: 72.340 Thread 0x00007fcf2100e000 1753       3       sun.invoke.util.VerifyAccess::isMemberAccessible (261 bytes)
Event: 72.343 Thread 0x00007fcf22056000 nmethod 1749 0x000000010bfdf1d0 code [0x000000010bfdf340, 0x000000010bfdf488]
Event: 72.343 Thread 0x00007fcf22056000 1750       4       jdk.internal.org.objectweb.asm.ByteVector::putShort (52 bytes)
Event: 72.343 Thread 0x00007fcf2100e000 nmethod 1753 0x000000010bfe2390 code [0x000000010bfe2660, 0x000000010bfe3bb8]
Event: 72.345 Thread 0x00007fcf22056000 nmethod 1750 0x000000010bfdedd0 code [0x000000010bfdef20, 0x000000010bfdf0a8]
Event: 72.347 Thread 0x00007fcf2100e000 1754       3       sun.invoke.util.BytecodeDescriptor::unparse (18 bytes)
Event: 72.347 Thread 0x00007fcf2100e000 nmethod 1754 0x000000010bfe1ad0 code [0x000000010bfe1c80, 0x000000010bfe2178]
Event: 72.352 Thread 0x00007fcf22817800 nmethod 1745 0x000000010c1b9050 code [0x000000010c1b9320, 0x000000010c1b9c58]

GC Heap History (10 events):
Event: 9.502 GC heap before
{Heap before GC invocations=64 (full 0):
 PSYoungGen      total 160256K, used 159840K [0x00000007aab00000, 0x00000007bd900000, 0x00000007c0000000)
  eden space 159744K, 100% used [0x00000007aab00000,0x00000007b4700000,0x00000007b4700000)
  from space 512K, 18% used [0x00000007bd800000,0x00000007bd818000,0x00000007bd880000)
  to   space 512K, 0% used [0x00000007bd880000,0x00000007bd880000,0x00000007bd900000)
 ParOldGen       total 44032K, used 6500K [0x0000000780000000, 0x0000000782b00000, 0x00000007aab00000)
  object space 44032K, 14% used [0x0000000780000000,0x00000007806593b0,0x0000000782b00000)
 Metaspace       used 12253K, capacity 12630K, committed 12928K, reserved 1060864K
  class space    used 1718K, capacity 1842K, committed 1920K, reserved 1048576K
Event: 9.504 GC heap after
Heap after GC invocations=64 (full 0):
 PSYoungGen      total 192512K, used 128K [0x00000007aab00000, 0x00000007bd900000, 0x00000007c0000000)
  eden space 192000K, 0% used [0x00000007aab00000,0x00000007aab00000,0x00000007b6680000)
  from space 512K, 25% used [0x00000007bd880000,0x00000007bd8a0000,0x00000007bd900000)
  to   space 512K, 0% used [0x00000007bd800000,0x00000007bd800000,0x00000007bd880000)
 ParOldGen       total 44032K, used 6516K [0x0000000780000000, 0x0000000782b00000, 0x00000007aab00000)
  object space 44032K, 14% used [0x0000000780000000,0x000000078065d3b0,0x0000000782b00000)
 Metaspace       used 12253K, capacity 12630K, committed 12928K, reserved 1060864K
  class space    used 1718K, capacity 1842K, committed 1920K, reserved 1048576K
}
Event: 9.615 GC heap before
{Heap before GC invocations=65 (full 0):
 PSYoungGen      total 192512K, used 192128K [0x00000007aab00000, 0x00000007bd900000, 0x00000007c0000000)
  eden space 192000K, 100% used [0x00000007aab00000,0x00000007b6680000,0x00000007b6680000)
  from space 512K, 25% used [0x00000007bd880000,0x00000007bd8a0000,0x00000007bd900000)
  to   space 512K, 0% used [0x00000007bd800000,0x00000007bd800000,0x00000007bd880000)
 ParOldGen       total 44032K, used 6516K [0x0000000780000000, 0x0000000782b00000, 0x00000007aab00000)
  object space 44032K, 14% used [0x0000000780000000,0x000000078065d3b0,0x0000000782b00000)
 Metaspace       used 12254K, capacity 12630K, committed 12928K, reserved 1060864K
  class space    used 1718K, capacity 1842K, committed 1920K, reserved 1048576K
Event: 9.616 GC heap after
Heap after GC invocations=65 (full 0):
 PSYoungGen      total 230912K, used 96K [0x00000007aab00000, 0x00000007bd900000, 0x00000007c0000000)
  eden space 230400K, 0% used [0x00000007aab00000,0x00000007aab00000,0x00000007b8c00000)
  from space 512K, 18% used [0x00000007bd800000,0x00000007bd818000,0x00000007bd880000)
  to   space 512K, 0% used [0x00000007bd880000,0x00000007bd880000,0x00000007bd900000)
 ParOldGen       total 44032K, used 6540K [0x0000000780000000, 0x0000000782b00000, 0x00000007aab00000)
  object space 44032K, 14% used [0x0000000780000000,0x00000007806633b0,0x0000000782b00000)
 Metaspace       used 12254K, capacity 12630K, committed 12928K, reserved 1060864K
  class space    used 1718K, capacity 1842K, committed 1920K, reserved 1048576K
}
Event: 9.751 GC heap before
{Heap before GC invocations=66 (full 0):
 PSYoungGen      total 230912K, used 230496K [0x00000007aab00000, 0x00000007bd900000, 0x00000007c0000000)
  eden space 230400K, 100% used [0x00000007aab00000,0x00000007b8c00000,0x00000007b8c00000)
  from space 512K, 18% used [0x00000007bd800000,0x00000007bd818000,0x00000007bd880000)
  to   space 512K, 0% used [0x00000007bd880000,0x00000007bd880000,0x00000007bd900000)
 ParOldGen       total 44032K, used 6540K [0x0000000780000000, 0x0000000782b00000, 0x00000007aab00000)
  object space 44032K, 14% used [0x0000000780000000,0x00000007806633b0,0x0000000782b00000)
 Metaspace       used 12288K, capacity 12694K, committed 12928K, reserved 1060864K
  class space    used 1718K, capacity 1842K, committed 1920K, reserved 1048576K
Event: 9.752 GC heap after
Heap after GC invocations=66 (full 0):
 PSYoungGen      total 276992K, used 96K [0x00000007aab00000, 0x00000007bd900000, 0x00000007c0000000)
  eden space 276480K, 0% used [0x00000007aab00000,0x00000007aab00000,0x00000007bb900000)
  from space 512K, 18% used [0x00000007bd880000,0x00000007bd898000,0x00000007bd900000)
  to   space 512K, 0% used [0x00000007bd800000,0x00000007bd800000,0x00000007bd880000)
 ParOldGen       total 44032K, used 6548K [0x0000000780000000, 0x0000000782b00000, 0x00000007aab00000)
  object space 44032K, 14% used [0x0000000780000000,0x00000007806653b0,0x0000000782b00000)
 Metaspace       used 12288K, capacity 12694K, committed 12928K, reserved 1060864K
  class space    used 1718K, capacity 1842K, committed 1920K, reserved 1048576K
}
Event: 9.912 GC heap before
{Heap before GC invocations=67 (full 0):
 PSYoungGen      total 276992K, used 276576K [0x00000007aab00000, 0x00000007bd900000, 0x00000007c0000000)
  eden space 276480K, 100% used [0x00000007aab00000,0x00000007bb900000,0x00000007bb900000)
  from space 512K, 18% used [0x00000007bd880000,0x00000007bd898000,0x00000007bd900000)
  to   space 512K, 0% used [0x00000007bd800000,0x00000007bd800000,0x00000007bd880000)
 ParOldGen       total 44032K, used 6548K [0x0000000780000000, 0x0000000782b00000, 0x00000007aab00000)
  object space 44032K, 14% used [0x0000000780000000,0x00000007806653b0,0x0000000782b00000)
 Metaspace       used 12295K, capacity 12702K, committed 12928K, reserved 1060864K
  class space    used 1718K, capacity 1842K, committed 1920K, reserved 1048576K
Event: 9.913 GC heap after
Heap after GC invocations=67 (full 0):
 PSYoungGen      total 264192K, used 96K [0x00000007aab00000, 0x00000007bd900000, 0x00000007c0000000)
  eden space 263680K, 0% used [0x00000007aab00000,0x00000007aab00000,0x00000007bac80000)
  from space 512K, 18% used [0x00000007bd800000,0x00000007bd818000,0x00000007bd880000)
  to   space 512K, 0% used [0x00000007bd880000,0x00000007bd880000,0x00000007bd900000)
 ParOldGen       total 44032K, used 6572K [0x0000000780000000, 0x0000000782b00000, 0x00000007aab00000)
  object space 44032K, 14% used [0x0000000780000000,0x000000078066b3b0,0x0000000782b00000)
 Metaspace       used 12295K, capacity 12702K, committed 12928K, reserved 1060864K
  class space    used 1718K, capacity 1842K, committed 1920K, reserved 1048576K
}
Event: 10.066 GC heap before
{Heap before GC invocations=68 (full 0):
 PSYoungGen      total 264192K, used 263776K [0x00000007aab00000, 0x00000007bd900000, 0x00000007c0000000)
  eden space 263680K, 100% used [0x00000007aab00000,0x00000007bac80000,0x00000007bac80000)
  from space 512K, 18% used [0x00000007bd800000,0x00000007bd818000,0x00000007bd880000)
  to   space 512K, 0% used [0x00000007bd880000,0x00000007bd880000,0x00000007bd900000)
 ParOldGen       total 44032K, used 6572K [0x0000000780000000, 0x0000000782b00000, 0x00000007aab00000)
  object space 44032K, 14% used [0x0000000780000000,0x000000078066b3b0,0x0000000782b00000)
 Metaspace       used 12297K, capacity 12702K, committed 12928K, reserved 1060864K
  class space    used 1718K, capacity 1842K, committed 1920K, reserved 1048576K
Event: 10.067 GC heap after
Heap after GC invocations=68 (full 0):
 PSYoungGen      total 251904K, used 128K [0x00000007aab00000, 0x00000007bd900000, 0x00000007c0000000)
  eden space 251392K, 0% used [0x00000007aab00000,0x00000007aab00000,0x00000007ba080000)
  from space 512K, 25% used [0x00000007bd880000,0x00000007bd8a0000,0x00000007bd900000)
  to   space 512K, 0% used [0x00000007bd800000,0x00000007bd800000,0x00000007bd880000)
 ParOldGen       total 44032K, used 6588K [0x0000000780000000, 0x0000000782b00000, 0x00000007aab00000)
  object space 44032K, 14% used [0x0000000780000000,0x000000078066f3b0,0x0000000782b00000)
 Metaspace       used 12297K, capacity 12702K, committed 12928K, reserved 1060864K
  class space    used 1718K, capacity 1842K, committed 1920K, reserved 1048576K
}

Deoptimization events (10 events):
Event: 10.130 Thread 0x00007fcf21a48800 Uncommon trap: reason=speculate_class_check action=maybe_recompile pc=0x000000010c22b424 method=javafx.scene.Node.setTreeVisible(Z)V @ 69
Event: 10.130 Thread 0x00007fcf21a48800 Uncommon trap: reason=speculate_class_check action=maybe_recompile pc=0x000000010c22b424 method=javafx.scene.Node.setTreeVisible(Z)V @ 69
Event: 10.130 Thread 0x00007fcf21a48800 Uncommon trap: reason=speculate_class_check action=maybe_recompile pc=0x000000010c22b424 method=javafx.scene.Node.setTreeVisible(Z)V @ 69
Event: 10.130 Thread 0x00007fcf21a48800 Uncommon trap: reason=speculate_class_check action=maybe_recompile pc=0x000000010c22b424 method=javafx.scene.Node.setTreeVisible(Z)V @ 69
Event: 10.150 Thread 0x00007fcf21a48800 Uncommon trap: reason=class_check action=maybe_recompile pc=0x000000010c213dbc method=java.util.TimSort.countRunAndMakeAscending([Ljava/lang/Object;IILjava/util/Comparator;)I @ 43
Event: 10.308 Thread 0x00007fcf2192d800 Uncommon trap: reason=null_check action=make_not_entrant pc=0x000000010c136a54 method=javafx.scene.Node.getParent()Ljavafx/scene/Parent; @ 18
Event: 10.308 Thread 0x00007fcf2192d800 Uncommon trap: reason=class_check action=maybe_recompile pc=0x000000010c2ee6fc method=javafx.scene.Node.impl_geomChanged()V @ 33
Event: 10.458 Thread 0x00007fcf2192d800 Uncommon trap: reason=class_check action=maybe_recompile pc=0x000000010c2ee6fc method=javafx.scene.Node.impl_geomChanged()V @ 33
Event: 10.609 Thread 0x00007fcf2192d800 Uncommon trap: reason=class_check action=maybe_recompile pc=0x000000010c2ee6fc method=javafx.scene.Node.impl_geomChanged()V @ 33
Event: 10.809 Thread 0x00007fcf2192d800 Uncommon trap: reason=class_check action=maybe_recompile pc=0x000000010c2ee6fc method=javafx.scene.Node.impl_geomChanged()V @ 33

Internal exceptions (10 events):
Event: 10.132 Thread 0x00007fcf21a48800 Exception <a 'java/security/PrivilegedActionException'> (0x00000007b1510f68) thrown at [/Users/java_re/workspace/8-2-build-macosx-x86_64/jdk8u31/2394/hotspot/src/share/vm/prims/jvm.cpp, line 1312]
Event: 10.132 Thread 0x00007fcf21a48800 Exception <a 'java/security/PrivilegedActionException'> (0x00000007b1513b10) thrown at [/Users/java_re/workspace/8-2-build-macosx-x86_64/jdk8u31/2394/hotspot/src/share/vm/prims/jvm.cpp, line 1312]
Event: 10.141 Thread 0x00007fcf21a48800 Exception <a 'java/security/PrivilegedActionException'> (0x00000007b15166b8) thrown at [/Users/java_re/workspace/8-2-build-macosx-x86_64/jdk8u31/2394/hotspot/src/share/vm/prims/jvm.cpp, line 1312]
Event: 10.142 Thread 0x00007fcf21a48800 Exception <a 'java/security/PrivilegedActionException'> (0x00000007b1519260) thrown at [/Users/java_re/workspace/8-2-build-macosx-x86_64/jdk8u31/2394/hotspot/src/share/vm/prims/jvm.cpp, line 1312]
Event: 10.143 Thread 0x00007fcf21a48800 Exception <a 'java/security/PrivilegedActionException'> (0x00000007b151be08) thrown at [/Users/java_re/workspace/8-2-build-macosx-x86_64/jdk8u31/2394/hotspot/src/share/vm/prims/jvm.cpp, line 1312]
Event: 10.143 Thread 0x00007fcf21a48800 Exception <a 'java/security/PrivilegedActionException'> (0x00000007b151e9b0) thrown at [/Users/java_re/workspace/8-2-build-macosx-x86_64/jdk8u31/2394/hotspot/src/share/vm/prims/jvm.cpp, line 1312]
Event: 10.144 Thread 0x00007fcf21a48800 Exception <a 'java/security/PrivilegedActionException'> (0x00000007b1521558) thrown at [/Users/java_re/workspace/8-2-build-macosx-x86_64/jdk8u31/2394/hotspot/src/share/vm/prims/jvm.cpp, line 1312]
Event: 10.144 Thread 0x00007fcf21a48800 Exception <a 'java/security/PrivilegedActionException'> (0x00000007b1524100) thrown at [/Users/java_re/workspace/8-2-build-macosx-x86_64/jdk8u31/2394/hotspot/src/share/vm/prims/jvm.cpp, line 1312]
Event: 10.145 Thread 0x00007fcf21a48800 Exception <a 'java/security/PrivilegedActionException'> (0x00000007b1526cd0) thrown at [/Users/java_re/workspace/8-2-build-macosx-x86_64/jdk8u31/2394/hotspot/src/share/vm/prims/jvm.cpp, line 1312]
Event: 10.308 Thread 0x00007fcf2192d800 Implicit null exception at 0x000000010c1369f7 to 0x000000010c136a49

Events (10 events):
Event: 72.344 loading class java/util/LinkedList$ListItr done
Event: 72.345 loading class com/sun/javafx/tk/quantum/QuantumRenderer
Event: 72.345 loading class com/sun/javafx/tk/quantum/QuantumRenderer done
Event: 72.346 loading class com/sun/javafx/tk/quantum/QuantumToolkit
Event: 72.347 loading class com/sun/javafx/tk/quantum/QuantumToolkit done
Event: 72.347 Thread 0x00007fcf21050800 Thread exited: 0x00007fcf21050800
Event: 72.348 Thread 0x00007fcf229d1800 Thread exited: 0x00007fcf229d1800
Event: 72.348 Thread 0x00007fcf2192d800 Thread exited: 0x00007fcf2192d800
Event: 72.348 Thread 0x00007fcf22807000 Thread exited: 0x00007fcf22807000
Event: 72.348 Thread 0x00007fcf22807000 Thread added: 0x00007fcf22807000


Dynamic libraries:
0x00000000073d5000 	/System/Library/Frameworks/Cocoa.framework/Versions/A/Cocoa
0x00000000073d5000 	/System/Library/Frameworks/Security.framework/Versions/A/Security
0x00000000073d5000 	/System/Library/Frameworks/ApplicationServices.framework/Versions/A/ApplicationServices
0x00000000073d5000 	/usr/lib/libz.1.dylib
0x00000000073d5000 	/usr/lib/libSystem.B.dylib
0x00000000073d5000 	/usr/lib/libobjc.A.dylib
0x00000000073d5000 	/System/Library/Frameworks/CoreFoundation.framework/Versions/A/CoreFoundation
0x00000000073d5000 	/System/Library/Frameworks/Foundation.framework/Versions/C/Foundation
0x00000000073d5000 	/System/Library/Frameworks/AppKit.framework/Versions/C/AppKit
0x00000000073d5000 	/System/Library/Frameworks/CoreData.framework/Versions/A/CoreData
0x00000000073d5000 	/System/Library/PrivateFrameworks/RemoteViewServices.framework/Versions/A/RemoteViewServices
0x00000000073d5000 	/System/Library/PrivateFrameworks/UIFoundation.framework/Versions/A/UIFoundation
0x00000000073d5000 	/System/Library/Frameworks/IOSurface.framework/Versions/A/IOSurface
0x00000000073d5000 	/System/Library/Frameworks/AudioToolbox.framework/Versions/A/AudioToolbox
0x00000000073d5000 	/System/Library/Frameworks/AudioUnit.framework/Versions/A/AudioUnit
0x00000000073d5000 	/System/Library/PrivateFrameworks/DataDetectorsCore.framework/Versions/A/DataDetectorsCore
0x00000000073d5000 	/System/Library/PrivateFrameworks/DesktopServicesPriv.framework/Versions/A/DesktopServicesPriv
0x00000000073d5000 	/System/Library/Frameworks/Carbon.framework/Versions/A/Frameworks/HIToolbox.framework/Versions/A/HIToolbox
0x00000000073d5000 	/System/Library/Frameworks/QuartzCore.framework/Versions/A/QuartzCore
0x00000000073d5000 	/System/Library/Frameworks/Carbon.framework/Versions/A/Frameworks/SpeechRecognition.framework/Versions/A/SpeechRecognition
0x00000000073d5000 	/usr/lib/libauto.dylib
0x00000000073d5000 	/usr/lib/libicucore.A.dylib
0x00000000073d5000 	/usr/lib/libxml2.2.dylib
0x00000000073d5000 	/System/Library/PrivateFrameworks/CoreUI.framework/Versions/A/CoreUI
0x00000000073d5000 	/System/Library/Frameworks/CoreAudio.framework/Versions/A/CoreAudio
0x00000000073d5000 	/System/Library/Frameworks/DiskArbitration.framework/Versions/A/DiskArbitration
0x00000000073d5000 	/usr/lib/liblangid.dylib
0x00000000073d5000 	/System/Library/PrivateFrameworks/MultitouchSupport.framework/Versions/A/MultitouchSupport
0x00000000073d5000 	/System/Library/Frameworks/IOKit.framework/Versions/A/IOKit
0x00000000073d5000 	/usr/lib/libDiagnosticMessagesClient.dylib
0x00000000073d5000 	/System/Library/Frameworks/CoreServices.framework/Versions/A/CoreServices
0x00000000073d5000 	/System/Library/PrivateFrameworks/PerformanceAnalysis.framework/Versions/A/PerformanceAnalysis
0x00000000073d5000 	/System/Library/PrivateFrameworks/GenerationalStorage.framework/Versions/A/GenerationalStorage
0x00000000073d5000 	/System/Library/Frameworks/OpenGL.framework/Versions/A/OpenGL
0x00000000073d5000 	/System/Library/PrivateFrameworks/Sharing.framework/Versions/A/Sharing
0x00000000073d5000 	/System/Library/Frameworks/CoreGraphics.framework/Versions/A/CoreGraphics
0x00000000073d5000 	/System/Library/Frameworks/CoreText.framework/Versions/A/CoreText
0x00000000073d5000 	/System/Library/Frameworks/ImageIO.framework/Versions/A/ImageIO
0x00000000073d5000 	/usr/lib/libextension.dylib
0x00000000073d5000 	/System/Library/PrivateFrameworks/Backup.framework/Versions/A/Backup
0x00000000073d5000 	/usr/lib/libarchive.2.dylib
0x00000000073d5000 	/System/Library/Frameworks/CFNetwork.framework/Versions/A/CFNetwork
0x00000000073d5000 	/System/Library/Frameworks/SystemConfiguration.framework/Versions/A/SystemConfiguration
0x00000000073d5000 	/usr/lib/libCRFSuite.dylib
0x00000000073d5000 	/usr/lib/libc++.1.dylib
0x00000000073d5000 	/usr/lib/libc++abi.dylib
0x00000000073d5000 	/usr/lib/system/libcache.dylib
0x00000000073d5000 	/usr/lib/system/libcommonCrypto.dylib
0x00000000073d5000 	/usr/lib/system/libcompiler_rt.dylib
0x00000000073d5000 	/usr/lib/system/libcopyfile.dylib
0x00000000073d5000 	/usr/lib/system/libcorecrypto.dylib
0x00000000073d5000 	/usr/lib/system/libdispatch.dylib
0x00000000073d5000 	/usr/lib/system/libdyld.dylib
0x00000000073d5000 	/usr/lib/system/libkeymgr.dylib
0x00000000073d5000 	/usr/lib/system/liblaunch.dylib
0x00000000073d5000 	/usr/lib/system/libmacho.dylib
0x00000000073d5000 	/usr/lib/system/libquarantine.dylib
0x00000000073d5000 	/usr/lib/system/libremovefile.dylib
0x00000000073d5000 	/usr/lib/system/libsystem_asl.dylib
0x00000000073d5000 	/usr/lib/system/libsystem_blocks.dylib
0x00000000073d5000 	/usr/lib/system/libsystem_c.dylib
0x00000000073d5000 	/usr/lib/system/libsystem_configuration.dylib
0x00000000073d5000 	/usr/lib/system/libsystem_coreservices.dylib
0x00000000073d5000 	/usr/lib/system/libsystem_coretls.dylib
0x00000000073d5000 	/usr/lib/system/libsystem_dnssd.dylib
0x00000000073d5000 	/usr/lib/system/libsystem_info.dylib
0x00000000073d5000 	/usr/lib/system/libsystem_kernel.dylib
0x00000000073d5000 	/usr/lib/system/libsystem_m.dylib
0x00000000073d5000 	/usr/lib/system/libsystem_malloc.dylib
0x00000000073d5000 	/usr/lib/system/libsystem_network.dylib
0x00000000073d5000 	/usr/lib/system/libsystem_networkextension.dylib
0x00000000073d5000 	/usr/lib/system/libsystem_notify.dylib
0x00000000073d5000 	/usr/lib/system/libsystem_platform.dylib
0x00000000073d5000 	/usr/lib/system/libsystem_pthread.dylib
0x00000000073d5000 	/usr/lib/system/libsystem_sandbox.dylib
0x00000000073d5000 	/usr/lib/system/libsystem_secinit.dylib
0x00000000073d5000 	/usr/lib/system/libsystem_stats.dylib
0x00000000073d5000 	/usr/lib/system/libsystem_trace.dylib
0x00000000073d5000 	/usr/lib/system/libunc.dylib
0x00000000073d5000 	/usr/lib/system/libunwind.dylib
0x00000000073d5000 	/usr/lib/system/libxpc.dylib
0x00000000073d5000 	/usr/lib/libbz2.1.0.dylib
0x00000000073d5000 	/usr/lib/liblzma.5.dylib
0x00000000073d5000 	/usr/lib/libbsm.0.dylib
0x00000000073d5000 	/usr/lib/libsqlite3.dylib
0x00000000073d5000 	/usr/lib/system/libkxld.dylib
0x00000000073d5000 	/usr/lib/libxar.1.dylib
0x00000000073d5000 	/usr/lib/libpam.2.dylib
0x00000000073d5000 	/usr/lib/libOpenScriptingUtil.dylib
0x00000000073d5000 	/System/Library/Frameworks/CoreServices.framework/Versions/A/Frameworks/FSEvents.framework/Versions/A/FSEvents
0x00000000073d5000 	/System/Library/Frameworks/CoreServices.framework/Versions/A/Frameworks/CarbonCore.framework/Versions/A/CarbonCore
0x00000000073d5000 	/System/Library/Frameworks/CoreServices.framework/Versions/A/Frameworks/Metadata.framework/Versions/A/Metadata
0x00000000073d5000 	/System/Library/Frameworks/CoreServices.framework/Versions/A/Frameworks/OSServices.framework/Versions/A/OSServices
0x00000000073d5000 	/System/Library/Frameworks/CoreServices.framework/Versions/A/Frameworks/SearchKit.framework/Versions/A/SearchKit
0x00000000073d5000 	/System/Library/Frameworks/CoreServices.framework/Versions/A/Frameworks/AE.framework/Versions/A/AE
0x00000000073d5000 	/System/Library/Frameworks/CoreServices.framework/Versions/A/Frameworks/LaunchServices.framework/Versions/A/LaunchServices
0x00000000073d5000 	/System/Library/Frameworks/CoreServices.framework/Versions/A/Frameworks/DictionaryServices.framework/Versions/A/DictionaryServices
0x00000000073d5000 	/System/Library/Frameworks/NetFS.framework/Versions/A/NetFS
0x00000000073d5000 	/System/Library/PrivateFrameworks/NetAuth.framework/Versions/A/NetAuth
0x00000000073d5000 	/System/Library/PrivateFrameworks/login.framework/Versions/A/Frameworks/loginsupport.framework/Versions/A/loginsupport
0x00000000073d5000 	/System/Library/PrivateFrameworks/TCC.framework/Versions/A/TCC
0x00000000073d5000 	/usr/lib/libmecabra.dylib
0x00000000073d5000 	/System/Library/Frameworks/ApplicationServices.framework/Versions/A/Frameworks/ATS.framework/Versions/A/ATS
0x00000000073d5000 	/System/Library/Frameworks/ApplicationServices.framework/Versions/A/Frameworks/ColorSync.framework/Versions/A/ColorSync
0x00000000073d5000 	/System/Library/Frameworks/ApplicationServices.framework/Versions/A/Frameworks/HIServices.framework/Versions/A/HIServices
0x00000000073d5000 	/System/Library/Frameworks/ApplicationServices.framework/Versions/A/Frameworks/LangAnalysis.framework/Versions/A/LangAnalysis
0x00000000073d5000 	/System/Library/Frameworks/ApplicationServices.framework/Versions/A/Frameworks/PrintCore.framework/Versions/A/PrintCore
0x00000000073d5000 	/System/Library/Frameworks/ApplicationServices.framework/Versions/A/Frameworks/QD.framework/Versions/A/QD
0x00000000073d5000 	/System/Library/Frameworks/ApplicationServices.framework/Versions/A/Frameworks/SpeechSynthesis.framework/Versions/A/SpeechSynthesis
0x00000000073d5000 	/System/Library/Frameworks/Accelerate.framework/Versions/A/Accelerate
0x00000000073d5000 	/System/Library/Frameworks/Accelerate.framework/Versions/A/Frameworks/vImage.framework/Versions/A/vImage
0x00000000073d5000 	/System/Library/Frameworks/Accelerate.framework/Versions/A/Frameworks/vecLib.framework/Versions/A/vecLib
0x00000000073d5000 	/System/Library/Frameworks/Accelerate.framework/Versions/A/Frameworks/vecLib.framework/Versions/A/libvDSP.dylib
0x00000000073d5000 	/System/Library/Frameworks/Accelerate.framework/Versions/A/Frameworks/vecLib.framework/Versions/A/libvMisc.dylib
0x00000000073d5000 	/System/Library/Frameworks/Accelerate.framework/Versions/A/Frameworks/vecLib.framework/Versions/A/libLAPACK.dylib
0x00000000073d5000 	/System/Library/Frameworks/Accelerate.framework/Versions/A/Frameworks/vecLib.framework/Versions/A/libBLAS.dylib
0x00000000073d5000 	/System/Library/Frameworks/Accelerate.framework/Versions/A/Frameworks/vecLib.framework/Versions/A/libLinearAlgebra.dylib
0x00000000073d5000 	/System/Library/Frameworks/ApplicationServices.framework/Versions/A/Frameworks/ATS.framework/Versions/A/Resources/libFontParser.dylib
0x00000000073d5000 	/System/Library/Frameworks/ApplicationServices.framework/Versions/A/Frameworks/ATS.framework/Versions/A/Resources/libFontRegistry.dylib
0x00000000073d5000 	/System/Library/PrivateFrameworks/AppleVPA.framework/Versions/A/AppleVPA
0x00000000073d5000 	/System/Library/PrivateFrameworks/AppleJPEG.framework/Versions/A/AppleJPEG
0x00000000073d5000 	/System/Library/Frameworks/ImageIO.framework/Versions/A/Resources/libJPEG.dylib
0x00000000073d5000 	/System/Library/Frameworks/ImageIO.framework/Versions/A/Resources/libTIFF.dylib
0x00000000073d5000 	/System/Library/Frameworks/ImageIO.framework/Versions/A/Resources/libPng.dylib
0x00000000073d5000 	/System/Library/Frameworks/ImageIO.framework/Versions/A/Resources/libGIF.dylib
0x00000000073d5000 	/System/Library/Frameworks/ImageIO.framework/Versions/A/Resources/libJP2.dylib
0x00000000073d5000 	/System/Library/Frameworks/ImageIO.framework/Versions/A/Resources/libRadiance.dylib
0x00000000073d5000 	/System/Library/Frameworks/CoreVideo.framework/Versions/A/CoreVideo
0x00000000073d5000 	/System/Library/Frameworks/OpenGL.framework/Versions/A/Libraries/libGLU.dylib
0x00000000073d5000 	/System/Library/Frameworks/OpenGL.framework/Versions/A/Libraries/libGFXShared.dylib
0x00000000073d5000 	/System/Library/Frameworks/OpenGL.framework/Versions/A/Libraries/libGL.dylib
0x00000000073d5000 	/System/Library/Frameworks/OpenGL.framework/Versions/A/Libraries/libGLImage.dylib
0x00000000073d5000 	/System/Library/Frameworks/OpenGL.framework/Versions/A/Libraries/libCVMSPluginSupport.dylib
0x00000000073d5000 	/System/Library/Frameworks/OpenGL.framework/Versions/A/Libraries/libCoreVMClient.dylib
0x00000000073d5000 	/usr/lib/libcups.2.dylib
0x00000000073d5000 	/System/Library/Frameworks/Kerberos.framework/Versions/A/Kerberos
0x00000000073d5000 	/System/Library/Frameworks/GSS.framework/Versions/A/GSS
0x00000000073d5000 	/usr/lib/libresolv.9.dylib
0x00000000073d5000 	/usr/lib/libiconv.2.dylib
0x00000000073d5000 	/System/Library/PrivateFrameworks/Heimdal.framework/Versions/A/Heimdal
0x00000000073d5000 	/usr/lib/libheimdal-asn1.dylib
0x00000000073d5000 	/System/Library/Frameworks/OpenDirectory.framework/Versions/A/OpenDirectory
0x00000000073d5000 	/System/Library/PrivateFrameworks/CommonAuth.framework/Versions/A/CommonAuth
0x00000000073d5000 	/System/Library/Frameworks/OpenDirectory.framework/Versions/A/Frameworks/CFOpenDirectory.framework/Versions/A/CFOpenDirectory
0x00000000073d5000 	/System/Library/Frameworks/SecurityFoundation.framework/Versions/A/SecurityFoundation
0x00000000073d5000 	/System/Library/PrivateFrameworks/LanguageModeling.framework/Versions/A/LanguageModeling
0x00000000073d5000 	/usr/lib/libcmph.dylib
0x00000000073d5000 	/System/Library/Frameworks/ServiceManagement.framework/Versions/A/ServiceManagement
0x00000000073d5000 	/usr/lib/libxslt.1.dylib
0x00000000073d5000 	/System/Library/Frameworks/Carbon.framework/Versions/A/Frameworks/Ink.framework/Versions/A/Ink
0x00000000073d5000 	/System/Library/Frameworks/QuartzCore.framework/Versions/A/Frameworks/CoreImage.framework/Versions/A/CoreImage
0x00000000073d5000 	/System/Library/PrivateFrameworks/CrashReporterSupport.framework/Versions/A/CrashReporterSupport
0x00000000073d5000 	/System/Library/Frameworks/OpenCL.framework/Versions/A/OpenCL
0x00000000073d5000 	/System/Library/PrivateFrameworks/FaceCore.framework/Versions/A/FaceCore
0x00000000073d5000 	/System/Library/PrivateFrameworks/Ubiquity.framework/Versions/A/Ubiquity
0x00000000073d5000 	/System/Library/PrivateFrameworks/IconServices.framework/Versions/A/IconServices
0x00000000073d5000 	/System/Library/PrivateFrameworks/ChunkingLibrary.framework/Versions/A/ChunkingLibrary
0x00000000073d5000 	/System/Library/PrivateFrameworks/Apple80211.framework/Versions/A/Apple80211
0x00000000073d5000 	/System/Library/Frameworks/CoreWLAN.framework/Versions/A/CoreWLAN
0x00000000073d5000 	/System/Library/Frameworks/IOBluetooth.framework/Versions/A/IOBluetooth
0x00000000073d5000 	/System/Library/PrivateFrameworks/CoreWiFi.framework/Versions/A/CoreWiFi
0x00000000073d5000 	/System/Library/Frameworks/CoreBluetooth.framework/Versions/A/CoreBluetooth
0x00000000073d5000 	/System/Library/PrivateFrameworks/DebugSymbols.framework/Versions/A/DebugSymbols
0x00000000073d5000 	/System/Library/PrivateFrameworks/CoreSymbolication.framework/Versions/A/CoreSymbolication
0x00000000073d5000 	/System/Library/PrivateFrameworks/Symbolication.framework/Versions/A/Symbolication
0x00000000073d5000 	/System/Library/PrivateFrameworks/SpeechRecognitionCore.framework/Versions/A/SpeechRecognitionCore
0x000000004f784000 	/System/Library/CoreServices/Encodings/libLatin2Converter.dylib
0x000000010a56e000 	/Library/Java/JavaVirtualMachines/jdk1.8.0_31.jdk/Contents/Home/jre/lib/server/libjvm.dylib
0x00000000073d5000 	/usr/lib/libstdc++.6.dylib
0x000000010b5a7000 	/Library/Java/JavaVirtualMachines/jdk1.8.0_31.jdk/Contents/Home/jre/lib/libverify.dylib
0x000000010b5b5000 	/Library/Java/JavaVirtualMachines/jdk1.8.0_31.jdk/Contents/Home/jre/lib/libjava.dylib
0x000000010b5f3000 	/Library/Java/JavaVirtualMachines/jdk1.8.0_31.jdk/Contents/Home/jre/lib/libzip.dylib
0x000000011f8e4000 	/System/Library/Frameworks/JavaVM.framework/Frameworks/JavaRuntimeSupport.framework/JavaRuntimeSupport
0x000000011f8fa000 	/System/Library/Frameworks/JavaVM.framework/Versions/A/Frameworks/JavaNativeFoundation.framework/Versions/A/JavaNativeFoundation
0x000000011f90e000 	/System/Library/Frameworks/JavaVM.framework/Versions/A/JavaVM
0x00000000073d5000 	/System/Library/Frameworks/Carbon.framework/Versions/A/Carbon
0x000000011f91a000 	/System/Library/PrivateFrameworks/JavaLaunching.framework/Versions/A/JavaLaunching
0x00000000073d5000 	/System/Library/Frameworks/Carbon.framework/Versions/A/Frameworks/CommonPanels.framework/Versions/A/CommonPanels
0x00000000073d5000 	/System/Library/Frameworks/Carbon.framework/Versions/A/Frameworks/Help.framework/Versions/A/Help
0x00000000073d5000 	/System/Library/Frameworks/Carbon.framework/Versions/A/Frameworks/ImageCapture.framework/Versions/A/ImageCapture
0x00000000073d5000 	/System/Library/Frameworks/Carbon.framework/Versions/A/Frameworks/OpenScripting.framework/Versions/A/OpenScripting
0x00000000073d5000 	/System/Library/Frameworks/Carbon.framework/Versions/A/Frameworks/Print.framework/Versions/A/Print
0x00000000073d5000 	/System/Library/Frameworks/Carbon.framework/Versions/A/Frameworks/SecurityHI.framework/Versions/A/SecurityHI
0x00000001219a3000 	/Library/Java/JavaVirtualMachines/jdk1.8.0_31.jdk/Contents/Home/jre/lib/libprism_es2.dylib
0x00000000073d5000 	/System/Library/Frameworks/OpenGL.framework/Versions/A/Resources/GLEngine.bundle/GLEngine
0x00000000073d5000 	/System/Library/Frameworks/OpenGL.framework/Versions/A/Libraries/libGLProgrammability.dylib
0x0000000000000000 	/System/Library/Extensions/AppleIntelHD5000GraphicsGLDriver.bundle/Contents/MacOS/AppleIntelHD5000GraphicsGLDriver
0x00000000073d5000 	/System/Library/PrivateFrameworks/IOAccelerator.framework/Versions/A/IOAccelerator
0x00000000073d5000 	/System/Library/PrivateFrameworks/GPUSupport.framework/Versions/A/Libraries/libGPUSupportMercury.dylib
0x00000000073d5000 	/System/Library/Frameworks/OpenGL.framework/Versions/A/Resources/GLRendererFloat.bundle/GLRendererFloat
0x00000000073d5000 	/System/Library/Frameworks/OpenCL.framework/Versions/A/Libraries/libcldcpuengine.dylib
0x00000000073d5000 	/System/Library/PrivateFrameworks/DiskImages.framework/Versions/A/DiskImages
0x00000000073d5000 	/System/Library/Frameworks/DiscRecording.framework/Versions/A/DiscRecording
0x00000000073d5000 	/usr/lib/libcsfde.dylib
0x00000000073d5000 	/usr/lib/libcurl.4.dylib
0x00000000073d5000 	/System/Library/PrivateFrameworks/MediaKit.framework/Versions/A/MediaKit
0x00000000073d5000 	/System/Library/PrivateFrameworks/ProtectedCloudStorage.framework/Versions/A/ProtectedCloudStorage
0x00000000073d5000 	/usr/lib/libCoreStorage.dylib
0x00000000073d5000 	/System/Library/PrivateFrameworks/EFILogin.framework/Versions/A/EFILogin
0x00000000073d5000 	/usr/lib/libutil.dylib
0x00000000073d5000 	/System/Library/PrivateFrameworks/FindMyDevice.framework/Versions/A/FindMyDevice
0x00000000073d5000 	/System/Library/Frameworks/LDAP.framework/Versions/A/LDAP
0x00000000073d5000 	/usr/lib/libsasl2.2.dylib
0x00000000073d5000 	/System/Library/PrivateFrameworks/CoreDaemon.framework/Versions/B/CoreDaemon
0x00000000073d5000 	/usr/lib/libcrypto.0.9.8.dylib
0x00000000073d5000 	/System/Library/PrivateFrameworks/AppleSRP.framework/Versions/A/AppleSRP
0x00000000073d5000 	/System/Library/PrivateFrameworks/TrustEvaluationAgent.framework/Versions/A/TrustEvaluationAgent
0x0000000121e54000 	/Library/Java/JavaVirtualMachines/jdk1.8.0_31.jdk/Contents/Home/jre/lib/libglass.dylib
0x00000000073d5000 	/System/Library/PrivateFrameworks/CoreServicesInternal.framework/Versions/A/CoreServicesInternal
0x00000000073d5000 	/System/Library/PrivateFrameworks/CloudDocs.framework/Versions/A/CloudDocs
0x00000000073d5000 	/System/Library/PrivateFrameworks/CoreDuet.framework/Versions/A/CoreDuet
0x00000000073d5000 	/System/Library/Frameworks/CloudKit.framework/Versions/A/CloudKit
0x00000000073d5000 	/System/Library/PrivateFrameworks/ProtocolBuffer.framework/Versions/A/ProtocolBuffer
0x00000000073d5000 	/System/Library/PrivateFrameworks/CoreDuetDaemonProtocol.framework/Versions/A/CoreDuetDaemonProtocol
0x00000000073d5000 	/System/Library/PrivateFrameworks/CoreDuetDebugLogging.framework/Versions/A/CoreDuetDebugLogging
0x00000000073d5000 	/System/Library/PrivateFrameworks/MMCS.framework/Versions/A/MMCS
0x00000000073d5000 	/System/Library/Frameworks/CoreLocation.framework/Versions/A/CoreLocation
0x00000000073d5000 	/System/Library/PrivateFrameworks/GeoServices.framework/Versions/A/GeoServices
0x00000000073d5000 	/System/Library/Frameworks/CoreGraphics.framework/Versions/A/Resources/libCGCMS.A.dylib
0x00000000073d5000 	/System/Library/CoreServices/RawCamera.bundle/Contents/MacOS/RawCamera
0x00000000073d5000 	/System/Library/Frameworks/CoreGraphics.framework/Versions/A/Resources/libRIP.A.dylib
0x00000000073d5000 	/System/Library/PrivateFrameworks/FamilyControls.framework/Versions/A/FamilyControls
0x00000000073d5000 	/System/Library/PrivateFrameworks/CommerceKit.framework/Versions/A/Frameworks/CommerceCore.framework/Versions/A/CommerceCore
0x00000000073d5000 	/System/Library/PrivateFrameworks/SystemAdministration.framework/Versions/A/SystemAdministration
0x00000000073d5000 	/System/Library/PrivateFrameworks/AppContainer.framework/Versions/A/AppContainer
0x00000000073d5000 	/System/Library/PrivateFrameworks/SecCodeWrapper.framework/Versions/A/SecCodeWrapper
0x00000000073d5000 	/System/Library/Frameworks/DirectoryService.framework/Versions/A/DirectoryService
0x00000000073d5000 	/System/Library/PrivateFrameworks/LoginUIKit.framework/Versions/A/Frameworks/LoginUICore.framework/Versions/A/LoginUICore
0x00000000073d5000 	/usr/lib/libodfde.dylib
0x00000000073d5000 	/System/Library/Frameworks/CoreGraphics.framework/Versions/A/Resources/libCGXType.A.dylib
0x00000001269b5000 	cl_kernels
0x00000001269b7000 	/System/Library/Frameworks/OpenCL.framework/Versions/A/Libraries/ImageFormats/unorm8_bgra.dylib
0x00000001269a6000 	cl_kernels
0x0000000126c4e000 	/Library/Java/JavaVirtualMachines/jdk1.8.0_31.jdk/Contents/Home/jre/lib/libjavafx_font.dylib

VM Arguments:
jvm_args: -Dfile.encoding=UTF-8 
java_command: /Users/Pan_Mluvci/Dropbox/Programování/TankGame/dist/run281940988/TankGame.jar
java_class_path (initial): /Users/Pan_Mluvci/Dropbox/Programování/TankGame/dist/run281940988/TankGame.jar
Launcher Type: SUN_STANDARD

Environment Variables:
PATH=/usr/bin:/bin:/usr/sbin:/sbin
LD_LIBRARY_PATH=/Library/Java/JavaVirtualMachines/jdk1.8.0_31.jdk/Contents/Home/jre/lib/amd64:/Library/Java/JavaVirtualMachines/jdk1.8.0_31.jdk/Contents/Home/jre/lib/i386:
SHELL=/bin/bash
DYLD_LIBRARY_PATH=/Applications/NetBeans/NetBeans 8.0.2.app/Contents/Resources/NetBeans/webcommon/bin:

Signal Handlers:
SIGSEGV: [libjvm.dylib+0x57a0e7], sa_mask[0]=11111111011111110111111111111111, sa_flags=SA_ONSTACK|SA_RESTART|SA_SIGINFO
SIGBUS: [libjvm.dylib+0x57a0e7], sa_mask[0]=11111111011111110111111111111111, sa_flags=SA_RESTART|SA_SIGINFO
SIGFPE: [libjvm.dylib+0x45af24], sa_mask[0]=11111111011111110111111111111111, sa_flags=SA_RESTART|SA_SIGINFO
SIGPIPE: [libjvm.dylib+0x45af24], sa_mask[0]=11111111011111110111111111111111, sa_flags=SA_RESTART|SA_SIGINFO
SIGXFSZ: [libjvm.dylib+0x45af24], sa_mask[0]=11111111011111110111111111111111, sa_flags=SA_RESTART|SA_SIGINFO
SIGILL: [libjvm.dylib+0x45af24], sa_mask[0]=11111111011111110111111111111111, sa_flags=SA_RESTART|SA_SIGINFO
SIGUSR1: SIG_DFL, sa_mask[0]=00000000000000000000000000000000, sa_flags=none
SIGUSR2: [libjvm.dylib+0x45aa42], sa_mask[0]=00100000000000000000000000000000, sa_flags=SA_RESTART|SA_SIGINFO
SIGHUP: [libjvm.dylib+0x459015], sa_mask[0]=11111111011111110111111111111111, sa_flags=SA_RESTART|SA_SIGINFO
SIGINT: SIG_IGN, sa_mask[0]=00000000000000000000000000000000, sa_flags=none
SIGTERM: [libjvm.dylib+0x459015], sa_mask[0]=11111111011111110111111111111111, sa_flags=SA_RESTART|SA_SIGINFO
SIGQUIT: [libjvm.dylib+0x459015], sa_mask[0]=11111111011111110111111111111111, sa_flags=SA_RESTART|SA_SIGINFO


---------------  S Y S T E M  ---------------

OS:Bsduname:Darwin 14.3.0 Darwin Kernel Version 14.3.0: Mon Mar 23 11:59:05 PDT 2015; root:xnu-2782.20.48~5/RELEASE_X86_64 x86_64
rlimit: STACK 8192k, CORE 0k, NPROC 709, NOFILE 10240, AS infinity
load average:1.97 2.28 2.03

CPU:total 4 (2 cores per cpu, 2 threads per core) family 6 model 69 stepping 1, cmov, cx8, fxsr, mmx, sse, sse2, sse3, ssse3, sse4.1, sse4.2, popcnt, avx, avx2, aes, clmul, erms, lzcnt, ht, tsc, tscinvbit, bmi1, bmi2

Memory: 4k page, physical 4194304k(18564k free)

/proc/meminfo:


vm_info: Java HotSpot(TM) 64-Bit Server VM (25.31-b07) for bsd-amd64 JRE (1.8.0_31-b13), built on Dec 17 2014 20:45:36 by "java_re" with gcc 4.2.1 (Based on Apple Inc. build 5658) (LLVM build 2336.11.00)

time: Sun May 31 14:21:41 2015
elapsed time: 200 seconds (0d 0h 3m 20s)

